<?xml version="1.0" encoding="UTF-8"?>
<testng-results ignored="0" total="1" passed="1" failed="0" skipped="0">
  <reporter-output>
  </reporter-output>
  <suite started-at="2022-10-08T13:45:37 IST" name="Default suite" finished-at="2022-10-08T13:47:32 IST" duration-ms="114599">
    <groups>
    </groups>
    <test started-at="2022-10-08T13:45:37 IST" name="Default test" finished-at="2022-10-08T13:47:32 IST" duration-ms="114599">
      <class name="com.FlipkartTest">
        <test-method is-config="true" signature="beforeMethod()[pri:0, instance:com.FlipkartTest@56cdfb3b]" started-at="2022-10-08T13:45:38 IST" name="beforeMethod" finished-at="2022-10-08T13:46:04 IST" duration-ms="26461" status="PASS">
          <reporter-output>
          </reporter-output>
        </test-method> <!-- beforeMethod -->
        <test-method signature="flipkartPageLoad()[pri:0, instance:com.FlipkartTest@56cdfb3b]" started-at="2022-10-08T13:46:04 IST" name="flipkartPageLoad" finished-at="2022-10-08T13:47:32 IST" duration-ms="87881" status="PASS">
          <reporter-output>
          </reporter-output>
        </test-method> <!-- flipkartPageLoad -->
        <test-method is-config="true" signature="afterMethod()[pri:0, instance:com.FlipkartTest@56cdfb3b]" started-at="2022-10-08T13:47:32 IST" name="afterMethod" finished-at="2022-10-08T13:47:32 IST" duration-ms="0" status="PASS">
          <reporter-output>
          </reporter-output>
        </test-method> <!-- afterMethod -->
      </class> <!-- com.FlipkartTest -->
    </test> <!-- Default test -->
  </suite> <!-- Default suite -->
</testng-results>
